2018-10-24T11:11:25.737+0300 I CONTROL  [initandlisten] MongoDB starting : pid=26032 port=27017 dbpath=. 64-bit host=shlomi-Inspiron-5570
2018-10-24T11:11:25.737+0300 I CONTROL  [initandlisten] db version v3.6.3
2018-10-24T11:11:25.737+0300 I CONTROL  [initandlisten] git version: 9586e557d54ef70f9ca4b43c26892cd55257e1a5
2018-10-24T11:11:25.737+0300 I CONTROL  [initandlisten] OpenSSL version: OpenSSL 1.1.0g  2 Nov 2017
2018-10-24T11:11:25.737+0300 I CONTROL  [initandlisten] allocator: tcmalloc
2018-10-24T11:11:25.737+0300 I CONTROL  [initandlisten] modules: none
2018-10-24T11:11:25.737+0300 I CONTROL  [initandlisten] build environment:
2018-10-24T11:11:25.737+0300 I CONTROL  [initandlisten]     distarch: x86_64
2018-10-24T11:11:25.737+0300 I CONTROL  [initandlisten]     target_arch: x86_64
2018-10-24T11:11:25.737+0300 I CONTROL  [initandlisten] options: { config: "mongod.conf", net: { bindIp: "127.0.0.1", port: 27017 }, storage: { dbPath: "." }, systemLog: { destination: "file", logAppend: true, path: "mongodb.log" } }
2018-10-24T11:11:25.738+0300 I -        [initandlisten] Detected data files in . created by the 'wiredTiger' storage engine, so setting the active storage engine to 'wiredTiger'.
2018-10-24T11:11:25.738+0300 I STORAGE  [initandlisten] 
2018-10-24T11:11:25.738+0300 I STORAGE  [initandlisten] ** WARNING: Using the XFS filesystem is strongly recommended with the WiredTiger storage engine
2018-10-24T11:11:25.738+0300 I STORAGE  [initandlisten] **          See http://dochub.mongodb.org/core/prodnotes-filesystem
2018-10-24T11:11:25.738+0300 I STORAGE  [initandlisten] wiredtiger_open config: create,cache_size=3424M,session_max=20000,eviction=(threads_min=4,threads_max=4),config_base=false,statistics=(fast),log=(enabled=true,archive=true,path=journal,compressor=snappy),file_manager=(close_idle_time=100000),statistics_log=(wait=0),verbose=(recovery_progress),
2018-10-24T11:11:26.311+0300 I STORAGE  [initandlisten] WiredTiger message [1540368686:311635][26032:0x7f246d6c9f80], txn-recover: Main recovery loop: starting at 6/6272
2018-10-24T11:11:26.397+0300 I STORAGE  [initandlisten] WiredTiger message [1540368686:397077][26032:0x7f246d6c9f80], txn-recover: Recovering log 6 through 7
2018-10-24T11:11:26.450+0300 I STORAGE  [initandlisten] WiredTiger message [1540368686:450060][26032:0x7f246d6c9f80], txn-recover: Recovering log 7 through 7
2018-10-24T11:11:26.529+0300 I CONTROL  [initandlisten] 
2018-10-24T11:11:26.529+0300 I CONTROL  [initandlisten] ** WARNING: Access control is not enabled for the database.
2018-10-24T11:11:26.529+0300 I CONTROL  [initandlisten] **          Read and write access to data and configuration is unrestricted.
2018-10-24T11:11:26.529+0300 I CONTROL  [initandlisten] 
2018-10-24T11:11:26.540+0300 I FTDC     [initandlisten] Initializing full-time diagnostic data capture with directory './diagnostic.data'
2018-10-24T11:11:26.540+0300 I NETWORK  [initandlisten] waiting for connections on port 27017
2018-10-24T11:11:38.349+0300 I CONTROL  [signalProcessingThread] got signal 2 (Interrupt), will terminate after current cmd ends
2018-10-24T11:11:38.349+0300 I NETWORK  [signalProcessingThread] shutdown: going to close listening sockets...
2018-10-24T11:11:38.349+0300 I NETWORK  [signalProcessingThread] removing socket file: /tmp/mongodb-27017.sock
2018-10-24T11:11:38.349+0300 I FTDC     [signalProcessingThread] Shutting down full-time diagnostic data capture
2018-10-24T11:11:38.353+0300 I STORAGE  [signalProcessingThread] WiredTigerKVEngine shutting down
2018-10-24T11:11:38.478+0300 I STORAGE  [signalProcessingThread] shutdown: removing fs lock...
2018-10-24T11:11:38.478+0300 I CONTROL  [signalProcessingThread] now exiting
2018-10-24T11:11:38.478+0300 I CONTROL  [signalProcessingThread] shutting down with code:0
